2024-05-17 16:39:15.465 - DBeaver 24.0.4.202405051837 is starting
2024-05-17 16:39:15.466 - OS: Windows 10 10.0 (amd64)
2024-05-17 16:39:15.466 - Java version: 17.0.6 by Eclipse Adoptium (64bit)
2024-05-17 16:39:15.466 - Install path: 'C:\Users\Kang\AppData\Local\DBeaver'
2024-05-17 16:39:15.467 - Instance path: 'file:/C:/workspace/multi/03_DB/'
2024-05-17 16:39:15.468 - Memory available 64Mb/1024Mb
2024-05-17 16:39:15.477 - Create display
2024-05-17 16:39:15.575 - Initialize desktop platform...
2024-05-17 16:39:15.669 - BounceCastle bundle found. Use JCE provider BC
> Start Core File Systems [org.eclipse.core.filesystem 1.10.400.v20240321-1303]
> Start Core Resource Management [org.eclipse.core.resources 3.20.200.v20240321-1303]
> Start 팀 지원 핵심 [org.eclipse.team.core 3.10.400.v20240321-1303]
> Start DBeaver UI Navigator [org.jkiss.dbeaver.ui.navigator 1.0.130.202405051837]
2024-05-17 16:39:15.832 - Initialize base platform...
2024-05-17 16:39:15.858 - Platform initialized (283ms)
> Start DBeaver UI Editors - Base [org.jkiss.dbeaver.ui.editors.base 1.0.130.202405051837]
2024-05-17 16:39:15.950 - Starting instance server at http://localhost:57968
2024-05-17 16:39:15.956 - Run workbench
> Start Eclipse e4 작업영역 SWT [org.eclipse.e4.ui.workbench.swt 0.17.400.v20240321-1245]
> Start Eclipse Application Services [org.eclipse.e4.core.services 2.4.400.v20240321-1303]
> Start Eclipse UI Application Services [org.eclipse.e4.ui.services 1.6.300.v20231201-1637]
> Start Eclipse e4 Progress View [org.eclipse.e4.ui.progress 0.4.400.v20240321-1245]
> Start Eclipse Bindings Support [org.eclipse.e4.ui.bindings 0.14.400.v20240321-1245]
> Start Eclipse e4 core commands [org.eclipse.e4.core.commands 1.1.400.v20240321-1245]
> Start EMF XML/XMI Persistence [org.eclipse.emf.ecore.xmi 2.37.0.v20231208-1346]
> Start Eclipse CSS SWT Theme Support [org.eclipse.e4.ui.css.swt.theme 0.14.400.v20240321-1245]
> Start Eclipse e4 작업영역 기능 추가 [org.eclipse.e4.ui.workbench.addons.swt 1.5.400.v20240403-1826]
Warning: NLS unused message: 이유 in: org.eclipse.ui.internal.messages
> Start Eclipse e4 작업영역 SWT 렌더러 [org.eclipse.e4.ui.workbench.renderers.swt 0.16.400.v20240404-0759]
> Start Eclipse Dependency Injection Extensions [org.eclipse.e4.core.di.extensions 0.18.200.v20231220-1554]
> Start Eclipse CSS SWT Support [org.eclipse.e4.ui.css.swt 0.15.400.v20240321-1245]
2024-05-17 16:39:17.317 - Configure workbench window
> Start DBeaver SQL Model [org.jkiss.dbeaver.model.sql 1.0.120.202405051837]
2024-05-17 16:39:17.474 - Total database drivers: 118 (118)
> Start 도움말 시스템 코어 [org.eclipse.help 3.10.400.v20240321-1303]
2024-05-17 16:39:17.566 - Create actions
2024-05-17 16:39:17.575 - Disable Eclipse action set 'org.eclipse.ui.edit.text.actionSet.annotationNavigation'
2024-05-17 16:39:17.576 - Disable Eclipse action set 'org.eclipse.ui.WorkingSetActionSet'
2024-05-17 16:39:17.576 - Disable Eclipse action set 'org.eclipse.ui.actionSet.openFiles'
2024-05-17 16:39:17.576 - Create workbench actions
> Start jna [com.sun.jna 5.14.0.v20231211-1200]
2024-05-17 16:39:18.335 - Initialize workbench window
2024-05-17 16:39:18.341 - Finish initialization
> Start 기본 문서 편집기 [org.eclipse.ui.editors 3.17.300.v20240321-1245]
> Start 텍스트 편집기 프레임워크 [org.eclipse.ui.workbench.texteditor 3.17.400.v20240323-1757]
> Start DBeaver UI Editors - Data [org.jkiss.dbeaver.ui.editors.data 1.0.130.202405051837]
Warning: NLS unused message: actions_navigator__objects in: org.jkiss.dbeaver.ui.editors.sql.internal.SQLEditorMessages
> Start DBeaver UI Editors - SQL [org.jkiss.dbeaver.ui.editors.sql 1.0.130.202405051837]
Warning: NLS unused message: FindReplace_title in: org.eclipse.ui.texteditor.EditorMessages
Warning: NLS unused message: FindReplace_Find_label in: org.eclipse.ui.texteditor.EditorMessages
Warning: NLS unused message: FindReplace_Replace_label in: org.eclipse.ui.texteditor.EditorMessages
Warning: NLS unused message: FindReplace_Direction in: org.eclipse.ui.texteditor.EditorMessages
Warning: NLS unused message: FindReplace_ForwardRadioButton_label in: org.eclipse.ui.texteditor.EditorMessages
Warning: NLS unused message: FindReplace_BackwardRadioButton_label in: org.eclipse.ui.texteditor.EditorMessages
Warning: NLS unused message: FindReplace_Scope in: org.eclipse.ui.texteditor.EditorMessages
Warning: NLS unused message: FindReplace_GlobalRadioButton_label in: org.eclipse.ui.texteditor.EditorMessages
Warning: NLS unused message: FindReplace_SelectedRangeRadioButton_label in: org.eclipse.ui.texteditor.EditorMessages
Warning: NLS unused message: FindReplace_Options in: org.eclipse.ui.texteditor.EditorMessages
Warning: NLS unused message: FindReplace_CaseCheckBox_label in: org.eclipse.ui.texteditor.EditorMessages
Warning: NLS unused message: FindReplace_WrapCheckBox_label in: org.eclipse.ui.texteditor.EditorMessages
Warning: NLS unused message: FindReplace_WholeWordCheckBox_label in: org.eclipse.ui.texteditor.EditorMessages
Warning: NLS unused message: FindReplace_IncrementalCheckBox_label in: org.eclipse.ui.texteditor.EditorMessages
Warning: NLS unused message: FindReplace_RegExCheckbox_label in: org.eclipse.ui.texteditor.EditorMessages
Warning: NLS unused message: FindReplace_FindNextButton_label in: org.eclipse.ui.texteditor.EditorMessages
Warning: NLS unused message: FindReplace_ReplaceFindButton_label in: org.eclipse.ui.texteditor.EditorMessages
Warning: NLS unused message: FindReplace_ReplaceSelectionButton_label in: org.eclipse.ui.texteditor.EditorMessages
Warning: NLS unused message: FindReplace_ReplaceAllButton_label in: org.eclipse.ui.texteditor.EditorMessages
Warning: NLS unused message: FindReplace_SelectAllButton_label in: org.eclipse.ui.texteditor.EditorMessages
Warning: NLS unused message: FindReplace_CloseButton_label in: org.eclipse.ui.texteditor.EditorMessages
Warning: NLS unused message: FindReplace_Status_replacements_label in: org.eclipse.ui.texteditor.EditorMessages
> Start DBeaver SQL Terminal [org.jkiss.dbeaver.ui.editors.sql.terminal 1.0.106.202405051837]
> Start 핵심 비교 지원 [org.eclipse.compare.core 3.8.500.v20240321-1303]
> Start 인터넷 연결 관리 사용자 인터페이스 [org.eclipse.ui.net 1.5.300.v20231214-1012]
> Start Internet Connection Management [org.eclipse.core.net 1.5.400.v20240321-1303]
> Start DBeaver Sample Database [org.jkiss.dbeaver.ext.sample.database 1.0.167.202405051837]
> Start DBeaver Tip of the day [org.jkiss.dbeaver.ext.ui.tipoftheday 1.0.136.202405051837]
> Start GEF Classic Draw2d [org.eclipse.draw2d 3.16.0.202404101913]
> Start GEF Classic GEF (MVC) [org.eclipse.gef 3.18.0.202404101913]
> Start DBeaver ERD UI [org.jkiss.dbeaver.erd.ui 3.0.90.202405051837]
> Start DBeaver ERD Model [org.jkiss.dbeaver.erd.model 1.0.90.202405051837]
> Start DBeaver Dashboard UI [org.jkiss.dbeaver.ui.dashboard 1.0.127.202405051837]
> Start DBeaver Dashboards Model [org.jkiss.dbeaver.model.dashboard 1.0.3.202405051837]
> Start DBeaver JDBC Model [org.jkiss.dbeaver.model.jdbc 1.0.23.202405051837]
> Start DBeaver Oracle Model [org.jkiss.dbeaver.ext.oracle 2.1.215.202405051837]
> Start DBeaver UI Editors - Connections [org.jkiss.dbeaver.ui.editors.connection 1.0.121.202405051837]
> Start 콘솔 [org.eclipse.ui.console 3.14.100.v20240321-2147]
> Start 디버그 핵심 [org.eclipse.debug.core 3.21.400.v20240321-1303]
2024-05-17 16:39:20.908 - Connect with 'localhost 2' (mysql8-18f3c45ea51-61c281909aa1e943)
> Start DBeaver MySQL Support [org.jkiss.dbeaver.ext.mysql 2.1.215.202405051837]
2024-05-17 16:39:20.931 - Execution context opened (localhost 2; Main; 0)
> Start DBeaver GIS Support [org.jkiss.dbeaver.data.gis 1.0.154.202405051837]
2024-05-17 16:39:21.095 - Execution context opened (localhost 2; Metadata; 1)
2024-05-17 16:39:21.150 - Connected (mysql8-18f3c45ea51-61c281909aa1e943, MySQL Connector/J [mysql-connector-j-8.2.0 (Revision: 06a1f724497fd81c6a659131fda822c9e5085b6c)])
2024-05-17 16:39:21.156 - Execution context opened (localhost 2; SQLEditor <jsp_Exam.sql>; 2)
> Start DBeaver SQL Language Semantic Model [org.jkiss.dbeaver.model.lsm 1.0.25.202405051837]
2024-05-17 16:39:26.194 - Connect with 'localhost 10' (mysql8-18f51a99b41-cd6301c3799e640)
2024-05-17 16:39:26.196 - Execution context opened (localhost 10; Main; 3)
2024-05-17 16:39:26.204 - Execution context opened (localhost 10; Metadata; 4)
2024-05-17 16:39:26.223 - Connected (mysql8-18f51a99b41-cd6301c3799e640, MySQL Connector/J [mysql-connector-j-8.2.0 (Revision: 06a1f724497fd81c6a659131fda822c9e5085b6c)])
> Start DBeaver Tasks - Native Tools UI [org.jkiss.dbeaver.tasks.native.ui 1.0.108.202405051837]
> Start DBeaver MySQL UI Support [org.jkiss.dbeaver.ext.mysql.ui 1.0.122.202405051837]
> Start DBeaver Tasks - General UI [org.jkiss.dbeaver.tasks.ui 1.0.108.202405051837]
2024-05-17 16:39:39.543 - SQL Error [1050] [42S01]: Table 'category' already exists
org.jkiss.dbeaver.model.sql.DBSQLException: SQL Error [1050] [42S01]: Table 'category' already exists
	at org.jkiss.dbeaver.model.impl.jdbc.exec.JDBCStatementImpl.executeStatement(JDBCStatementImpl.java:133)
	at org.jkiss.dbeaver.ui.editors.sql.execute.SQLQueryJob.executeStatement(SQLQueryJob.java:614)
	at org.jkiss.dbeaver.ui.editors.sql.execute.SQLQueryJob.lambda$2(SQLQueryJob.java:505)
	at org.jkiss.dbeaver.model.exec.DBExecUtils.tryExecuteRecover(DBExecUtils.java:194)
	at org.jkiss.dbeaver.ui.editors.sql.execute.SQLQueryJob.executeSingleQuery(SQLQueryJob.java:524)
	at org.jkiss.dbeaver.ui.editors.sql.execute.SQLQueryJob.extractData(SQLQueryJob.java:976)
	at org.jkiss.dbeaver.ui.editors.sql.SQLEditor$QueryResultsContainer.readData(SQLEditor.java:4155)
	at org.jkiss.dbeaver.ui.controls.resultset.ResultSetJobDataRead.lambda$0(ResultSetJobDataRead.java:123)
	at org.jkiss.dbeaver.model.exec.DBExecUtils.tryExecuteRecover(DBExecUtils.java:194)
	at org.jkiss.dbeaver.ui.controls.resultset.ResultSetJobDataRead.run(ResultSetJobDataRead.java:121)
	at org.jkiss.dbeaver.ui.controls.resultset.ResultSetViewer$ResultSetDataPumpJob.run(ResultSetViewer.java:5148)
	at org.jkiss.dbeaver.model.runtime.AbstractJob.run(AbstractJob.java:115)
	at org.eclipse.core.internal.jobs.Worker.run(Worker.java:63)
Caused by: java.sql.SQLSyntaxErrorException: Table 'category' already exists
	at com.mysql.cj.jdbc.exceptions.SQLError.createSQLException(SQLError.java:121)
	at com.mysql.cj.jdbc.exceptions.SQLExceptionsMapping.translateException(SQLExceptionsMapping.java:122)
	at com.mysql.cj.jdbc.StatementImpl.executeInternal(StatementImpl.java:767)
	at com.mysql.cj.jdbc.StatementImpl.execute(StatementImpl.java:652)
	at org.jkiss.dbeaver.model.impl.jdbc.exec.JDBCStatementImpl.execute(JDBCStatementImpl.java:330)
	at org.jkiss.dbeaver.model.impl.jdbc.exec.JDBCStatementImpl.executeStatement(JDBCStatementImpl.java:131)
	... 12 more
> Start DBeaver Oracle UI [org.jkiss.dbeaver.ext.oracle.ui 1.0.117.202405051837]
2024-05-17 17:02:49.074 - Connect with 'HR' (oracle_thin-18f3ce07afd-2c4b2023623204a7)
2024-05-17 17:02:49.081 - Execution context opened (HR; Main; 5)
2024-05-17 17:02:49.295 - Execution context opened (HR; Metadata; 6)
2024-05-17 17:02:49.341 - Connected (oracle_thin-18f3ce07afd-2c4b2023623204a7, Oracle JDBC driver [11.2.0.2.0])
2024-05-17 17:02:49.369 - Execution context opened (HR; SQLEditor <DB_20240503_강경묵.sql>; 7)
2024-05-17 17:02:53.752 - Execution context opened (HR; SQLEditor <Script-1.sql>; 8)
2024-05-17 17:02:57.728 - Connect with 'localhost' (oracle_thin-18f3c212216-12ee295e101855e0)
2024-05-17 17:02:57.729 - Execution context opened (localhost; Main; 9)
2024-05-17 17:02:57.765 - Execution context opened (localhost; Metadata; 10)
2024-05-17 17:02:57.805 - Connected (oracle_thin-18f3c212216-12ee295e101855e0, Oracle JDBC driver [11.2.0.2.0])
2024-05-17 17:02:57.828 - Execution context opened (localhost; SQLEditor <Script-2.sql>; 11)
2024-05-17 17:03:00.024 - Execution context opened (localhost; SQLEditor <Script.sql>; 12)
> Start DBeaver Tasks View [org.jkiss.dbeaver.tasks.ui.view 1.0.79.202405051837]
2024-05-17 17:04:39.857 - Execution context opened (localhost; SQLEditor <Script-1.sql>; 13)
2024-05-17 17:04:39.880 - Execution context closed (HR, 8)
2024-05-17 17:05:02.706 - Execution context opened (HR; SQLEditor <Script-1.sql>; 14)
2024-05-17 17:05:02.727 - Execution context closed (localhost, 13)
2024-05-17 17:05:10.212 - Execution context opened (HR; SQLEditor <Script-3.sql>; 15)
2024-05-17 17:12:00.951 - Execution context opened (HR; SQLEditor <Script-3.sql>; 16)
